2024-09-10 13:23:19,852 - INFO - Excel file 'Data\Test Files.xlsx' read successfully.
2024-09-10 13:23:19,855 - INFO - Required columns ('Student Name', 'Email Address') exist in the data.
2024-09-10 13:23:19,859 - INFO - Email addresses generated and added to the DataFrame.
2024-09-10 13:23:19,859 - INFO - Column 'Gender' exists in the data.
2024-09-10 13:23:19,861 - INFO - Separated students into 40 males and 24 females.
2024-09-10 13:23:19,892 - INFO - Male and Female student lists saved to Excel files.
2024-09-10 13:23:19,894 - INFO - Displayed list of male students.
2024-09-10 13:23:19,896 - INFO - Displayed list of female students.
2024-09-10 13:23:19,900 - INFO - Displayed list of students with special characters in their names.
2024-09-10 13:23:19,903 - INFO - Data saved as CSV file at: Data\Student_Data.csv
2024-09-10 13:23:19,904 - INFO - Data saved as TSV file at: Data\Student_Data.tsv
2024-09-10 13:38:38,791 - ERROR - Failed to read Excel file: [Errno 2] No such file or directory: 'Data\\Test Files.xlsx'
2024-09-10 13:44:38,049 - INFO - Excel file 'Input\Test Files.xlsx' read successfully.
2024-09-10 13:44:38,052 - INFO - Required columns ('Student Name', 'Email Address') exist in the data.
2024-09-10 13:44:38,058 - INFO - Email addresses generated and added to the DataFrame.
2024-09-10 13:44:38,058 - INFO - Column 'Gender' exists in the data.
2024-09-10 13:44:38,059 - INFO - Separated students into 40 males and 24 females.
2024-09-10 13:44:38,085 - INFO - Male and Female student lists saved to Excel files.
2024-09-10 13:44:38,087 - INFO - Displayed list of male students.
2024-09-10 13:44:38,089 - INFO - Displayed list of female students.
2024-09-10 13:44:38,093 - INFO - Displayed list of students with special characters in their names.
2024-09-10 13:44:38,095 - INFO - Data saved as CSV file at: Output\Student_Data.csv
2024-09-10 13:44:38,096 - INFO - Data saved as TSV file at: Output\Student_Data.tsv
